Determining if the pthread_create exist failed with the following output:
Change Dir: /home/zjhao/gr-RC_MAC/build/CMakeFiles/CMakeTmp

Run Build Command:"/usr/bin/make" "cmTC_5adcb/fast"
/usr/bin/make -f CMakeFiles/cmTC_5adcb.dir/build.make CMakeFiles/cmTC_5adcb.dir/build
make[1]: Entering directory '/home/zjhao/gr-RC_MAC/build/CMakeFiles/CMakeTmp'
Building C object CMakeFiles/cmTC_5adcb.dir/CheckSymbolExists.c.o
/usr/bin/cc   -std=gnu11 -o CMakeFiles/cmTC_5adcb.dir/CheckSymbolExists.c.o   -c /home/zjhao/gr-RC_MAC/build/CMakeFiles/CMakeTmp/CheckSymbolExists.c
Linking C executable cmTC_5adcb
/usr/bin/cmake -E cmake_link_script CMakeFiles/cmTC_5adcb.dir/link.txt --verbose=1
/usr/bin/cc      CMakeFiles/cmTC_5adcb.dir/CheckSymbolExists.c.o  -o cmTC_5adcb 
CMakeFiles/cmTC_5adcb.dir/CheckSymbolExists.c.o: In function `main':
CheckSymbolExists.c:(.text+0x1b): undefined reference to `pthread_create'
collect2: error: ld returned 1 exit status
CMakeFiles/cmTC_5adcb.dir/build.make:97: recipe for target 'cmTC_5adcb' failed
make[1]: *** [cmTC_5adcb] Error 1
make[1]: Leaving directory '/home/zjhao/gr-RC_MAC/build/CMakeFiles/CMakeTmp'
Makefile:126: recipe for target 'cmTC_5adcb/fast' failed
make: *** [cmTC_5adcb/fast] Error 2

File /home/zjhao/gr-RC_MAC/build/CMakeFiles/CMakeTmp/CheckSymbolExists.c:
/* */
#include <pthread.h>

int main(int argc, char** argv)
{
  (void)argv;
#ifndef pthread_create
  return ((int*)(&pthread_create))[argc];
#else
  (void)argc;
  return 0;
#endif
}

Determining if the function pthread_create exists in the pthreads failed with the following output:
Change Dir: /home/zjhao/gr-RC_MAC/build/CMakeFiles/CMakeTmp

Run Build Command:"/usr/bin/make" "cmTC_80a01/fast"
/usr/bin/make -f CMakeFiles/cmTC_80a01.dir/build.make CMakeFiles/cmTC_80a01.dir/build
make[1]: Entering directory '/home/zjhao/gr-RC_MAC/build/CMakeFiles/CMakeTmp'
Building C object CMakeFiles/cmTC_80a01.dir/CheckFunctionExists.c.o
/usr/bin/cc   -DCHECK_FUNCTION_EXISTS=pthread_create   -std=gnu11 -o CMakeFiles/cmTC_80a01.dir/CheckFunctionExists.c.o   -c /usr/share/cmake-3.10/Modules/CheckFunctionExists.c
Linking C executable cmTC_80a01
/usr/bin/cmake -E cmake_link_script CMakeFiles/cmTC_80a01.dir/link.txt --verbose=1
/usr/bin/cc  -DCHECK_FUNCTION_EXISTS=pthread_create    CMakeFiles/cmTC_80a01.dir/CheckFunctionExists.c.o  -o cmTC_80a01 -lpthreads 
/usr/bin/ld: cannot find -lpthreads
collect2: error: ld returned 1 exit status
CMakeFiles/cmTC_80a01.dir/build.make:97: recipe for target 'cmTC_80a01' failed
make[1]: *** [cmTC_80a01] Error 1
make[1]: Leaving directory '/home/zjhao/gr-RC_MAC/build/CMakeFiles/CMakeTmp'
Makefile:126: recipe for target 'cmTC_80a01/fast' failed
make: *** [cmTC_80a01/fast] Error 2


